<?xml version="1.0" encoding="UTF-8"?>
<coverage generated="1714337918269" clover="3.2.0">
  <project timestamp="1714337918269" name="All files">
    <metrics statements="55" coveredstatements="24" conditionals="26" coveredconditionals="14" methods="10" coveredmethods="4" elements="91" coveredelements="42" complexity="0" loc="55" ncloc="55" packages="1" files="1" classes="1"/>
    <file name="App.jsx" path="C:\Users\wpelletier\Documents\cours-ynov-m2\integration deploiement continu\ci-cd-ynov-project-group\app\src\App.jsx">
      <metrics statements="55" coveredstatements="24" conditionals="26" coveredconditionals="14" methods="10" coveredmethods="4"/>
      <line num="14" count="1" type="stmt"/>
      <line num="17" count="98" type="stmt"/>
      <line num="25" count="98" type="stmt"/>
      <line num="26" count="98" type="stmt"/>
      <line num="27" count="98" type="stmt"/>
      <line num="28" count="98" type="stmt"/>
      <line num="30" count="98" type="stmt"/>
      <line num="31" count="20" type="stmt"/>
      <line num="32" count="20" type="stmt"/>
      <line num="35" count="98" type="stmt"/>
      <line num="36" count="1" type="stmt"/>
      <line num="37" count="1" type="cond" truecount="1" falsecount="1"/>
      <line num="38" count="1" type="stmt"/>
      <line num="39" count="1" type="stmt"/>
      <line num="40" count="1" type="stmt"/>
      <line num="41" count="1" type="stmt"/>
      <line num="45" count="0" type="stmt"/>
      <line num="46" count="0" type="cond" truecount="0" falsecount="4"/>
      <line num="47" count="0" type="stmt"/>
      <line num="48" count="0" type="stmt"/>
      <line num="50" count="0" type="stmt"/>
      <line num="53" count="0" type="stmt"/>
      <line num="58" count="0" type="stmt"/>
      <line num="62" count="98" type="stmt"/>
      <line num="63" count="49" type="stmt"/>
      <line num="64" count="49" type="stmt"/>
      <line num="65" count="49" type="stmt"/>
      <line num="68" count="98" type="stmt"/>
      <line num="69" count="0" type="stmt"/>
      <line num="70" count="0" type="stmt"/>
      <line num="73" count="0" type="stmt"/>
      <line num="74" count="0" type="cond" truecount="0" falsecount="2"/>
      <line num="75" count="0" type="stmt"/>
      <line num="77" count="0" type="stmt"/>
      <line num="80" count="0" type="stmt"/>
      <line num="84" count="98" type="stmt"/>
      <line num="85" count="0" type="stmt"/>
      <line num="86" count="0" type="stmt"/>
      <line num="89" count="0" type="stmt"/>
      <line num="90" count="0" type="cond" truecount="0" falsecount="2"/>
      <line num="91" count="0" type="stmt"/>
      <line num="93" count="0" type="stmt"/>
      <line num="96" count="0" type="stmt"/>
      <line num="100" count="98" type="stmt"/>
      <line num="101" count="0" type="stmt"/>
      <line num="102" count="0" type="stmt"/>
      <line num="105" count="0" type="stmt"/>
      <line num="106" count="0" type="cond" truecount="0" falsecount="2"/>
      <line num="107" count="0" type="stmt"/>
      <line num="108" count="0" type="stmt"/>
      <line num="110" count="0" type="stmt"/>
      <line num="113" count="0" type="stmt"/>
      <line num="117" count="98" type="stmt"/>
      <line num="128" count="0" type="stmt"/>
      <line num="132" count="0" type="stmt"/>
    </file>
  </project>
</coverage>
