<?xml version="1.0" encoding="UTF-8"?>
<coverage generated="1714330422523" clover="3.2.0">
  <project timestamp="1714330422523" name="All files">
    <metrics statements="36" coveredstatements="36" conditionals="24" coveredconditionals="22" methods="2" coveredmethods="2" elements="62" coveredelements="60" complexity="0" loc="36" ncloc="36" packages="1" files="1" classes="1"/>
    <file name="validateForm.js" path="C:\Users\wpelletier\Documents\cours-ynov-m2\integration deploiement continu\ci-cd-ynov-project-group\app\src\validateForm.js">
      <metrics statements="36" coveredstatements="36" conditionals="24" coveredconditionals="22" methods="2" coveredmethods="2"/>
      <line num="24" count="1" type="cond" truecount="0" falsecount="1"/>
      <line num="32" count="25" type="stmt"/>
      <line num="33" count="25" type="stmt"/>
      <line num="36" count="25" type="cond" truecount="2" falsecount="0"/>
      <line num="37" count="3" type="stmt"/>
      <line num="38" count="3" type="stmt"/>
      <line num="42" count="25" type="cond" truecount="2" falsecount="0"/>
      <line num="43" count="3" type="stmt"/>
      <line num="44" count="3" type="stmt"/>
      <line num="48" count="25" type="cond" truecount="2" falsecount="0"/>
      <line num="49" count="2" type="stmt"/>
      <line num="50" count="2" type="stmt"/>
      <line num="54" count="25" type="cond" truecount="2" falsecount="0"/>
      <line num="55" count="1" type="stmt"/>
      <line num="56" count="1" type="stmt"/>
      <line num="59" count="25" type="stmt"/>
      <line num="60" count="25" type="cond" truecount="2" falsecount="0"/>
      <line num="61" count="2" type="stmt"/>
      <line num="62" count="2" type="stmt"/>
      <line num="65" count="25" type="cond" truecount="2" falsecount="0"/>
      <line num="66" count="3" type="stmt"/>
      <line num="67" count="3" type="stmt"/>
      <line num="70" count="25" type="stmt"/>
      <line num="71" count="150" type="cond" truecount="2" falsecount="0"/>
      <line num="72" count="6" type="stmt"/>
      <line num="73" count="6" type="stmt"/>
      <line num="77" count="25" type="stmt"/>
      <line num="89" count="1" type="stmt"/>
      <line num="90" count="27" type="cond" truecount="4" falsecount="0"/>
      <line num="91" count="2" type="stmt"/>
      <line num="94" count="25" type="stmt"/>
      <line num="95" count="25" type="stmt"/>
      <line num="97" count="25" type="stmt"/>
      <line num="100" count="25" type="cond" truecount="2" falsecount="0"/>
      <line num="105" count="1" type="stmt"/>
      <line num="108" count="25" type="stmt"/>
    </file>
  </project>
</coverage>
