{"C:\\Users\\wpelletier\\Documents\\cours-ynov-m2\\integration deploiement continu\\ci-cd-ynov-project-group\\app\\src\\validateForm.js": {"path":"C:\\Users\\wpelletier\\Documents\\cours-ynov-m2\\integration deploiement continu\\ci-cd-ynov-project-group\\app\\src\\validateForm.js","statementMap":{"0":{"start":{"line":24,"column":21},"end":{"line":78,"column":1}},"1":{"start":{"line":32,"column":20},"end":{"line":32,"column":22}},"2":{"start":{"line":33,"column":22},"end":{"line":33,"column":26}},"3":{"start":{"line":36,"column":4},"end":{"line":39,"column":5}},"4":{"start":{"line":37,"column":8},"end":{"line":37,"column":28}},"5":{"start":{"line":38,"column":8},"end":{"line":38,"column":47}},"6":{"start":{"line":42,"column":4},"end":{"line":45,"column":5}},"7":{"start":{"line":43,"column":8},"end":{"line":43,"column":28}},"8":{"start":{"line":44,"column":8},"end":{"line":44,"column":53}},"9":{"start":{"line":48,"column":4},"end":{"line":51,"column":5}},"10":{"start":{"line":49,"column":8},"end":{"line":49,"column":28}},"11":{"start":{"line":50,"column":8},"end":{"line":50,"column":50}},"12":{"start":{"line":54,"column":4},"end":{"line":57,"column":5}},"13":{"start":{"line":55,"column":8},"end":{"line":55,"column":28}},"14":{"start":{"line":56,"column":8},"end":{"line":56,"column":71}},"15":{"start":{"line":59,"column":16},"end":{"line":59,"column":47}},"16":{"start":{"line":60,"column":4},"end":{"line":63,"column":5}},"17":{"start":{"line":61,"column":8},"end":{"line":61,"column":28}},"18":{"start":{"line":62,"column":8},"end":{"line":62,"column":71}},"19":{"start":{"line":65,"column":4},"end":{"line":68,"column":5}},"20":{"start":{"line":66,"column":8},"end":{"line":66,"column":28}},"21":{"start":{"line":67,"column":8},"end":{"line":67,"column":63}},"22":{"start":{"line":70,"column":4},"end":{"line":75,"column":5}},"23":{"start":{"line":71,"column":8},"end":{"line":74,"column":9}},"24":{"start":{"line":72,"column":12},"end":{"line":72,"column":52}},"25":{"start":{"line":73,"column":12},"end":{"line":73,"column":32}},"26":{"start":{"line":77,"column":4},"end":{"line":77,"column":36}},"27":{"start":{"line":89,"column":15},"end":{"line":109,"column":1}},"28":{"start":{"line":90,"column":4},"end":{"line":92,"column":5}},"29":{"start":{"line":91,"column":8},"end":{"line":91,"column":17}},"30":{"start":{"line":94,"column":22},"end":{"line":94,"column":46}},"31":{"start":{"line":95,"column":24},"end":{"line":95,"column":34}},"32":{"start":{"line":97,"column":14},"end":{"line":97,"column":65}},"33":{"start":{"line":100,"column":4},"end":{"line":106,"column":5}},"34":{"start":{"line":105,"column":8},"end":{"line":105,"column":14}},"35":{"start":{"line":108,"column":4},"end":{"line":108,"column":15}}},"fnMap":{"0":{"name":"(anonymous_0)","decl":{"start":{"line":24,"column":21},"end":{"line":24,"column":22}},"loc":{"start":{"line":31,"column":6},"end":{"line":78,"column":1}},"line":31},"1":{"name":"(anonymous_1)","decl":{"start":{"line":89,"column":15},"end":{"line":89,"column":16}},"loc":{"start":{"line":89,"column":35},"end":{"line":109,"column":1}},"line":89}},"branchMap":{"0":{"loc":{"start":{"line":24,"column":22},"end":{"line":31,"column":1}},"type":"default-arg","locations":[{"start":{"line":24,"column":33},"end":{"line":31,"column":1}}],"line":24},"1":{"loc":{"start":{"line":36,"column":4},"end":{"line":39,"column":5}},"type":"if","locations":[{"start":{"line":36,"column":4},"end":{"line":39,"column":5}},{"start":{},"end":{}}],"line":36},"2":{"loc":{"start":{"line":42,"column":4},"end":{"line":45,"column":5}},"type":"if","locations":[{"start":{"line":42,"column":4},"end":{"line":45,"column":5}},{"start":{},"end":{}}],"line":42},"3":{"loc":{"start":{"line":48,"column":4},"end":{"line":51,"column":5}},"type":"if","locations":[{"start":{"line":48,"column":4},"end":{"line":51,"column":5}},{"start":{},"end":{}}],"line":48},"4":{"loc":{"start":{"line":54,"column":4},"end":{"line":57,"column":5}},"type":"if","locations":[{"start":{"line":54,"column":4},"end":{"line":57,"column":5}},{"start":{},"end":{}}],"line":54},"5":{"loc":{"start":{"line":60,"column":4},"end":{"line":63,"column":5}},"type":"if","locations":[{"start":{"line":60,"column":4},"end":{"line":63,"column":5}},{"start":{},"end":{}}],"line":60},"6":{"loc":{"start":{"line":65,"column":4},"end":{"line":68,"column":5}},"type":"if","locations":[{"start":{"line":65,"column":4},"end":{"line":68,"column":5}},{"start":{},"end":{}}],"line":65},"7":{"loc":{"start":{"line":71,"column":8},"end":{"line":74,"column":9}},"type":"if","locations":[{"start":{"line":71,"column":8},"end":{"line":74,"column":9}},{"start":{},"end":{}}],"line":71},"8":{"loc":{"start":{"line":90,"column":4},"end":{"line":92,"column":5}},"type":"if","locations":[{"start":{"line":90,"column":4},"end":{"line":92,"column":5}},{"start":{},"end":{}}],"line":90},"9":{"loc":{"start":{"line":90,"column":8},"end":{"line":90,"column":60}},"type":"binary-expr","locations":[{"start":{"line":90,"column":8},"end":{"line":90,"column":23}},{"start":{"line":90,"column":27},"end":{"line":90,"column":60}}],"line":90},"10":{"loc":{"start":{"line":100,"column":4},"end":{"line":106,"column":5}},"type":"if","locations":[{"start":{"line":100,"column":4},"end":{"line":106,"column":5}},{"start":{},"end":{}}],"line":100},"11":{"loc":{"start":{"line":101,"column":8},"end":{"line":103,"column":56}},"type":"binary-expr","locations":[{"start":{"line":101,"column":8},"end":{"line":101,"column":53}},{"start":{"line":102,"column":9},"end":{"line":102,"column":56}},{"start":{"line":103,"column":12},"end":{"line":103,"column":55}}],"line":101}},"s":{"0":1,"1":25,"2":25,"3":25,"4":3,"5":3,"6":25,"7":3,"8":3,"9":25,"10":2,"11":2,"12":25,"13":1,"14":1,"15":25,"16":25,"17":2,"18":2,"19":25,"20":3,"21":3,"22":25,"23":150,"24":6,"25":6,"26":25,"27":1,"28":27,"29":2,"30":25,"31":25,"32":25,"33":25,"34":1,"35":25},"f":{"0":25,"1":27},"b":{"0":[0],"1":[3,22],"2":[3,22],"3":[2,23],"4":[1,24],"5":[2,23],"6":[3,22],"7":[6,144],"8":[2,25],"9":[27,25],"10":[1,24],"11":[25,24,0]},"_coverageSchema":"1a1c01bbd47fc00a2c39e90264f33305004495a9","hash":"f013ddeb3fba939fc30d915938a2fa092604071d"}
}
