{"C:\\Users\\mmati\\Desktop\\Ynov\\DevOps\\projet-individuel\\ci-cd-personal-project\\src\\App.jsx": {"path":"C:\\Users\\mmati\\Desktop\\Ynov\\DevOps\\projet-individuel\\ci-cd-personal-project\\src\\App.jsx","statementMap":{"0":{"start":{"line":15,"column":34},"end":{"line":22,"column":4}},"1":{"start":{"line":23,"column":30},"end":{"line":23,"column":42}},"2":{"start":{"line":24,"column":40},"end":{"line":24,"column":55}},"3":{"start":{"line":27,"column":23},"end":{"line":30,"column":3}},"4":{"start":{"line":28,"column":28},"end":{"line":28,"column":36}},"5":{"start":{"line":29,"column":4},"end":{"line":29,"column":48}},"6":{"start":{"line":35,"column":23},"end":{"line":51,"column":3}},"7":{"start":{"line":36,"column":4},"end":{"line":36,"column":23}},"8":{"start":{"line":37,"column":4},"end":{"line":50,"column":5}},"9":{"start":{"line":38,"column":6},"end":{"line":38,"column":61}},"10":{"start":{"line":39,"column":6},"end":{"line":39,"column":45}},"11":{"start":{"line":40,"column":6},"end":{"line":47,"column":9}},"12":{"start":{"line":49,"column":6},"end":{"line":49,"column":68}},"13":{"start":{"line":54,"column":2},"end":{"line":58,"column":17}},"14":{"start":{"line":55,"column":14},"end":{"line":55,"column":36}},"15":{"start":{"line":56,"column":4},"end":{"line":56,"column":34}},"16":{"start":{"line":57,"column":4},"end":{"line":57,"column":27}},"17":{"start":{"line":61,"column":2},"end":{"line":141,"column":4}}},"fnMap":{"0":{"name":"App","decl":{"start":{"line":13,"column":9},"end":{"line":13,"column":12}},"loc":{"start":{"line":13,"column":15},"end":{"line":142,"column":1}},"line":13},"1":{"name":"(anonymous_1)","decl":{"start":{"line":27,"column":23},"end":{"line":27,"column":24}},"loc":{"start":{"line":27,"column":30},"end":{"line":30,"column":3}},"line":27},"2":{"name":"(anonymous_2)","decl":{"start":{"line":35,"column":23},"end":{"line":35,"column":24}},"loc":{"start":{"line":35,"column":30},"end":{"line":51,"column":3}},"line":35},"3":{"name":"(anonymous_3)","decl":{"start":{"line":54,"column":12},"end":{"line":54,"column":13}},"loc":{"start":{"line":54,"column":18},"end":{"line":58,"column":3}},"line":54}},"branchMap":{"0":{"loc":{"start":{"line":37,"column":4},"end":{"line":50,"column":5}},"type":"if","locations":[{"start":{"line":37,"column":4},"end":{"line":50,"column":5}},{"start":{"line":48,"column":11},"end":{"line":50,"column":5}}],"line":37},"1":{"loc":{"start":{"line":74,"column":11},"end":{"line":74,"column":62}},"type":"binary-expr","locations":[{"start":{"line":74,"column":11},"end":{"line":74,"column":21}},{"start":{"line":74,"column":25},"end":{"line":74,"column":62}}],"line":74},"2":{"loc":{"start":{"line":86,"column":11},"end":{"line":86,"column":68}},"type":"binary-expr","locations":[{"start":{"line":86,"column":11},"end":{"line":86,"column":24}},{"start":{"line":86,"column":28},"end":{"line":86,"column":68}}],"line":86},"3":{"loc":{"start":{"line":98,"column":11},"end":{"line":98,"column":66}},"type":"binary-expr","locations":[{"start":{"line":98,"column":11},"end":{"line":98,"column":23}},{"start":{"line":98,"column":27},"end":{"line":98,"column":66}}],"line":98},"4":{"loc":{"start":{"line":110,"column":11},"end":{"line":110,"column":82}},"type":"binary-expr","locations":[{"start":{"line":110,"column":11},"end":{"line":110,"column":31}},{"start":{"line":110,"column":35},"end":{"line":110,"column":82}}],"line":110},"5":{"loc":{"start":{"line":122,"column":11},"end":{"line":122,"column":66}},"type":"binary-expr","locations":[{"start":{"line":122,"column":11},"end":{"line":122,"column":23}},{"start":{"line":122,"column":27},"end":{"line":122,"column":66}}],"line":122},"6":{"loc":{"start":{"line":135,"column":11},"end":{"line":135,"column":76}},"type":"binary-expr","locations":[{"start":{"line":135,"column":11},"end":{"line":135,"column":28}},{"start":{"line":135,"column":32},"end":{"line":135,"column":76}}],"line":135}},"s":{"0":100,"1":100,"2":100,"3":100,"4":20,"5":20,"6":100,"7":1,"8":1,"9":1,"10":1,"11":1,"12":0,"13":100,"14":50,"15":50,"16":50,"17":100},"f":{"0":100,"1":20,"2":1,"3":50},"b":{"0":[1,0],"1":[100,58],"2":[100,60],"3":[100,71],"4":[100,64],"5":[100,66],"6":[100,68]},"_coverageSchema":"1a1c01bbd47fc00a2c39e90264f33305004495a9","hash":"9154f4d9d42a8a63514be75474bc3ec390848476"}
,"C:\\Users\\mmati\\Desktop\\Ynov\\DevOps\\projet-individuel\\ci-cd-personal-project\\src\\validateForm.js": {"path":"C:\\Users\\mmati\\Desktop\\Ynov\\DevOps\\projet-individuel\\ci-cd-personal-project\\src\\validateForm.js","statementMap":{"0":{"start":{"line":24,"column":21},"end":{"line":78,"column":1}},"1":{"start":{"line":32,"column":20},"end":{"line":32,"column":22}},"2":{"start":{"line":33,"column":22},"end":{"line":33,"column":26}},"3":{"start":{"line":36,"column":4},"end":{"line":39,"column":5}},"4":{"start":{"line":37,"column":8},"end":{"line":37,"column":28}},"5":{"start":{"line":38,"column":8},"end":{"line":38,"column":47}},"6":{"start":{"line":42,"column":4},"end":{"line":45,"column":5}},"7":{"start":{"line":43,"column":8},"end":{"line":43,"column":28}},"8":{"start":{"line":44,"column":8},"end":{"line":44,"column":53}},"9":{"start":{"line":48,"column":4},"end":{"line":51,"column":5}},"10":{"start":{"line":49,"column":8},"end":{"line":49,"column":28}},"11":{"start":{"line":50,"column":8},"end":{"line":50,"column":50}},"12":{"start":{"line":54,"column":4},"end":{"line":57,"column":5}},"13":{"start":{"line":55,"column":8},"end":{"line":55,"column":28}},"14":{"start":{"line":56,"column":8},"end":{"line":56,"column":70}},"15":{"start":{"line":59,"column":16},"end":{"line":59,"column":46}},"16":{"start":{"line":60,"column":4},"end":{"line":63,"column":5}},"17":{"start":{"line":61,"column":8},"end":{"line":61,"column":28}},"18":{"start":{"line":62,"column":8},"end":{"line":62,"column":70}},"19":{"start":{"line":65,"column":4},"end":{"line":68,"column":5}},"20":{"start":{"line":66,"column":8},"end":{"line":66,"column":28}},"21":{"start":{"line":67,"column":8},"end":{"line":67,"column":62}},"22":{"start":{"line":70,"column":4},"end":{"line":75,"column":5}},"23":{"start":{"line":71,"column":8},"end":{"line":74,"column":9}},"24":{"start":{"line":72,"column":12},"end":{"line":72,"column":52}},"25":{"start":{"line":73,"column":12},"end":{"line":73,"column":32}},"26":{"start":{"line":77,"column":4},"end":{"line":77,"column":36}},"27":{"start":{"line":89,"column":15},"end":{"line":109,"column":1}},"28":{"start":{"line":90,"column":4},"end":{"line":92,"column":5}},"29":{"start":{"line":91,"column":8},"end":{"line":91,"column":17}},"30":{"start":{"line":94,"column":22},"end":{"line":94,"column":45}},"31":{"start":{"line":95,"column":24},"end":{"line":95,"column":34}},"32":{"start":{"line":97,"column":14},"end":{"line":97,"column":65}},"33":{"start":{"line":100,"column":4},"end":{"line":106,"column":5}},"34":{"start":{"line":105,"column":8},"end":{"line":105,"column":14}},"35":{"start":{"line":108,"column":4},"end":{"line":108,"column":15}}},"fnMap":{"0":{"name":"(anonymous_0)","decl":{"start":{"line":24,"column":21},"end":{"line":24,"column":22}},"loc":{"start":{"line":31,"column":6},"end":{"line":78,"column":1}},"line":31},"1":{"name":"(anonymous_1)","decl":{"start":{"line":89,"column":15},"end":{"line":89,"column":16}},"loc":{"start":{"line":89,"column":34},"end":{"line":109,"column":1}},"line":89}},"branchMap":{"0":{"loc":{"start":{"line":24,"column":22},"end":{"line":31,"column":1}},"type":"default-arg","locations":[{"start":{"line":24,"column":33},"end":{"line":31,"column":1}}],"line":24},"1":{"loc":{"start":{"line":36,"column":4},"end":{"line":39,"column":5}},"type":"if","locations":[{"start":{"line":36,"column":4},"end":{"line":39,"column":5}},{"start":{},"end":{}}],"line":36},"2":{"loc":{"start":{"line":42,"column":4},"end":{"line":45,"column":5}},"type":"if","locations":[{"start":{"line":42,"column":4},"end":{"line":45,"column":5}},{"start":{},"end":{}}],"line":42},"3":{"loc":{"start":{"line":48,"column":4},"end":{"line":51,"column":5}},"type":"if","locations":[{"start":{"line":48,"column":4},"end":{"line":51,"column":5}},{"start":{},"end":{}}],"line":48},"4":{"loc":{"start":{"line":54,"column":4},"end":{"line":57,"column":5}},"type":"if","locations":[{"start":{"line":54,"column":4},"end":{"line":57,"column":5}},{"start":{},"end":{}}],"line":54},"5":{"loc":{"start":{"line":60,"column":4},"end":{"line":63,"column":5}},"type":"if","locations":[{"start":{"line":60,"column":4},"end":{"line":63,"column":5}},{"start":{},"end":{}}],"line":60},"6":{"loc":{"start":{"line":65,"column":4},"end":{"line":68,"column":5}},"type":"if","locations":[{"start":{"line":65,"column":4},"end":{"line":68,"column":5}},{"start":{},"end":{}}],"line":65},"7":{"loc":{"start":{"line":71,"column":8},"end":{"line":74,"column":9}},"type":"if","locations":[{"start":{"line":71,"column":8},"end":{"line":74,"column":9}},{"start":{},"end":{}}],"line":71},"8":{"loc":{"start":{"line":90,"column":4},"end":{"line":92,"column":5}},"type":"if","locations":[{"start":{"line":90,"column":4},"end":{"line":92,"column":5}},{"start":{},"end":{}}],"line":90},"9":{"loc":{"start":{"line":90,"column":8},"end":{"line":90,"column":58}},"type":"binary-expr","locations":[{"start":{"line":90,"column":8},"end":{"line":90,"column":22}},{"start":{"line":90,"column":26},"end":{"line":90,"column":58}}],"line":90},"10":{"loc":{"start":{"line":100,"column":4},"end":{"line":106,"column":5}},"type":"if","locations":[{"start":{"line":100,"column":4},"end":{"line":106,"column":5}},{"start":{},"end":{}}],"line":100},"11":{"loc":{"start":{"line":101,"column":8},"end":{"line":103,"column":56}},"type":"binary-expr","locations":[{"start":{"line":101,"column":8},"end":{"line":101,"column":53}},{"start":{"line":102,"column":9},"end":{"line":102,"column":56}},{"start":{"line":103,"column":12},"end":{"line":103,"column":55}}],"line":101}},"s":{"0":2,"1":76,"2":76,"3":76,"4":47,"5":47,"6":76,"7":48,"8":48,"9":76,"10":53,"11":53,"12":76,"13":47,"14":47,"15":76,"16":76,"17":49,"18":49,"19":76,"20":4,"21":4,"22":76,"23":456,"24":277,"25":277,"26":76,"27":2,"28":78,"29":48,"30":30,"31":30,"32":30,"33":30,"34":1,"35":30},"f":{"0":76,"1":78},"b":{"0":[1],"1":[47,29],"2":[48,28],"3":[53,23],"4":[47,29],"5":[49,27],"6":[4,72],"7":[277,179],"8":[48,30],"9":[78,30],"10":[1,29],"11":[30,29,0]},"_coverageSchema":"1a1c01bbd47fc00a2c39e90264f33305004495a9","hash":"1d209694904d2aead46d561f2daaa7147d362c95"}
}
