TN:
SF:src\App.jsx
FN:16,App
FN:30,(anonymous_1)
FN:35,(anonymous_2)
FN:62,(anonymous_3)
FN:68,(anonymous_4)
FN:84,(anonymous_5)
FN:100,(anonymous_6)
FN:108,(anonymous_7)
FN:127,(anonymous_8)
FN:132,(anonymous_9)
FNF:10
FNH:4
FNDA:98,App
FNDA:20,(anonymous_1)
FNDA:1,(anonymous_2)
FNDA:49,(anonymous_3)
FNDA:0,(anonymous_4)
FNDA:0,(anonymous_5)
FNDA:0,(anonymous_6)
FNDA:0,(anonymous_7)
FNDA:0,(anonymous_8)
FNDA:0,(anonymous_9)
DA:14,1
DA:17,98
DA:25,98
DA:26,98
DA:27,98
DA:28,98
DA:30,98
DA:31,20
DA:32,20
DA:35,98
DA:36,1
DA:37,1
DA:38,1
DA:39,1
DA:40,1
DA:41,1
DA:45,0
DA:46,0
DA:47,0
DA:48,0
DA:50,0
DA:53,0
DA:58,0
DA:62,98
DA:63,49
DA:64,49
DA:65,49
DA:68,98
DA:69,0
DA:70,0
DA:73,0
DA:74,0
DA:75,0
DA:77,0
DA:80,0
DA:84,98
DA:85,0
DA:86,0
DA:89,0
DA:90,0
DA:91,0
DA:93,0
DA:96,0
DA:100,98
DA:101,0
DA:102,0
DA:105,0
DA:106,0
DA:107,0
DA:108,0
DA:110,0
DA:113,0
DA:117,98
DA:128,0
DA:132,0
LF:55
LH:24
BRDA:37,0,0,1
BRDA:37,0,1,0
BRDA:46,1,0,0
BRDA:46,1,1,0
BRDA:46,2,0,0
BRDA:46,2,1,0
BRDA:74,3,0,0
BRDA:74,3,1,0
BRDA:90,4,0,0
BRDA:90,4,1,0
BRDA:106,5,0,0
BRDA:106,5,1,0
BRDA:123,6,0,98
BRDA:123,6,1,0
BRDA:149,7,0,98
BRDA:149,7,1,57
BRDA:161,8,0,98
BRDA:161,8,1,59
BRDA:173,9,0,98
BRDA:173,9,1,69
BRDA:185,10,0,98
BRDA:185,10,1,63
BRDA:199,11,0,98
BRDA:199,11,1,65
BRDA:212,12,0,98
BRDA:212,12,1,67
BRF:26
BRH:14
end_of_record
