TN:
SF:src\validateForm.js
FN:24,(anonymous_0)
FN:89,(anonymous_1)
FNF:2
FNH:2
FNDA:25,(anonymous_0)
FNDA:27,(anonymous_1)
DA:24,1
DA:32,25
DA:33,25
DA:36,25
DA:37,3
DA:38,3
DA:42,25
DA:43,3
DA:44,3
DA:48,25
DA:49,2
DA:50,2
DA:54,25
DA:55,1
DA:56,1
DA:59,25
DA:60,25
DA:61,2
DA:62,2
DA:65,25
DA:66,3
DA:67,3
DA:70,25
DA:71,150
DA:72,6
DA:73,6
DA:77,25
DA:89,1
DA:90,27
DA:91,2
DA:94,25
DA:95,25
DA:97,25
DA:100,25
DA:105,1
DA:108,25
LF:36
LH:36
BRDA:24,0,0,0
BRDA:36,1,0,3
BRDA:36,1,1,22
BRDA:42,2,0,3
BRDA:42,2,1,22
BRDA:48,3,0,2
BRDA:48,3,1,23
BRDA:54,4,0,1
BRDA:54,4,1,24
BRDA:60,5,0,2
BRDA:60,5,1,23
BRDA:65,6,0,3
BRDA:65,6,1,22
BRDA:71,7,0,6
BRDA:71,7,1,144
BRDA:90,8,0,2
BRDA:90,8,1,25
BRDA:90,9,0,27
BRDA:90,9,1,25
BRDA:100,10,0,1
BRDA:100,10,1,24
BRDA:101,11,0,25
BRDA:101,11,1,24
BRDA:101,11,2,0
BRF:24
BRH:22
end_of_record
